<?xml version="1.0" encoding="UTF-8"?>
<!-- Generated by org.testng.reporters.JUnitReportReporter -->
<testsuite hostname="NSL-6578" failures="0" tests="6" name="Runner.Runner2" time="4.967" errors="0" timestamp="2022-06-19T15:55:32 IST" skipped="0">
  <testcase classname="Runner.Runner2" name="runScenario" time="1.494"/>
  <system-out/>
  <testcase classname="Runner.Runner2" name="runScenarios" time="0.004"/>
  <system-out/>
  <testcase classname="Runner.Runner2" name="runScenario" time="0.996"/>
  <system-out/>
  <testcase classname="Runner.Runner2" name="runScenario" time="1.106"/>
  <system-out/>
  <testcase classname="Runner.Runner2" name="runScenarios" time="0.004"/>
  <system-out/>
  <testcase classname="Runner.Runner2" name="runScenario" time="1.363"/>
  <system-out/>
</testsuite> <!-- Runner.Runner2 -->
